#
# A fatal error has been detected by the Java Runtime Environment:
#
#  SIGSEGV (0xb) at pc=0x00007f2d42cf1467, pid=4057, tid=139832337819392
#
# JRE version: Java(TM) SE Runtime Environment (7.0_51-b13) (build 1.7.0_51-b13)
# Java VM: Java HotSpot(TM) 64-Bit Server VM (24.51-b03 mixed mode linux-amd64 compressed oops)
# Problematic frame:
# V  [libjvm.so+0x87b467]  oopDesc* PSPromotionManager::copy_to_survivor_space<false>(oopDesc*)+0x177
#
# Failed to write core dump. Core dumps have been disabled. To enable core dumping, try "ulimit -c unlimited" before starting Java again
#
# If you would like to submit a bug report, please visit:
#   http://bugreport.sun.com/bugreport/crash.jsp
#

---------------  T H R E A D  ---------------

Current thread (0x00007f2d3c020000):  GCTaskThread [stack: 0x00007f2d40c2e000,0x00007f2d40d2f000] [id=4070]

siginfo:si_signo=SIGSEGV: si_errno=0, si_code=1 (SEGV_MAPERR), si_addr=0x0000000000000019

Registers:
RAX=0x00007f2d432886a0, RBX=0x00000000eee2243c, RCX=0x0000000000000000, RDX=0x0000000000000001
RSP=0x00007f2d40d2dae0, RBP=0x00007f2d40d2db50, RSI=0x00000000ec59e250, RDI=0x0000000000000011
R8 =0x0000000000000001, R9 =0x00007f2d432a3e58, R10=0x00000000eee22398, R11=0x00007f2d40d2da90
R12=0x00000000ec59e250, R13=0x00000000eba61438, R14=0x0000000000000000, R15=0x00007f2d3c12e910
RIP=0x00007f2d42cf1467, EFLAGS=0x0000000000010202, CSGSFS=0x0000000000000033, ERR=0x0000000000000004
  TRAPNO=0x000000000000000e

Top of Stack: (sp=0x00007f2d40d2dae0)
0x00007f2d40d2dae0:   00007f2d40d2db60 00007f2d432a3e58
0x00007f2d40d2daf0:   0000000000000018 00007f2d3c12e8a0
0x00007f2d40d2db00:   00000000eedd8e65 00000000c01dd514
0x00007f2d40d2db10:   00000000eee20000 0000000000001000
0x00007f2d40d2db20:   00007f2d3c12e8d0 00000000eee2243c
0x00007f2d40d2db30:   00007f2d3c12e8a0 00007f2d432886a0
0x00007f2d40d2db40:   0000000000000000 00007f2d3c12e910
0x00007f2d40d2db50:   00007f2d40d2dc40 00007f2d42cf0c40
0x00007f2d40d2db60:   00007f2d40d2dbe0 00007f2d40d2dbd0
0x00007f2d40d2db70:   00007f2d40d2dbe0 00007f2d40d2dba0
0x00007f2d40d2db80:   00007f2d40d2dbb0 00007f2d40d2dc00
0x00007f2d40d2db90:   00000000c01dc030 00007f2d3c12e940
0x00007f2d40d2dba0:   00007f2d3c021028 0000000000000000
0x00007f2d40d2dbb0:   00007f2d43ac77bc 00000000c01dd718
0x00007f2d40d2dbc0:   00007f2d40d2dc40 00007f2d42c67a2f
0x00007f2d40d2dbd0:   00000000c00bffb5 00007f2d3c12e910
0x00007f2d40d2dbe0:   00000000bb2dc4f8 00000000c00bffb4
0x00007f2d40d2dbf0:   00007f2d40d2dc40 00007f2d42a21408
0x00007f2d40d2dc00:   00000000eee2243d 00007f2d3c12e908
0x00007f2d40d2dc10:   0000000000000000 00000000c00c0030
0x00007f2d40d2dc20:   00000000c00c0030 00007f2d40ed7601
0x00007f2d40d2dc30:   00007f2d3c01af40 00007f2d40ed7601
0x00007f2d40d2dc40:   00007f2d40d2dd00 00007f2d42830f06
0x00007f2d40d2dc50:   00007f2d3c01f550 00007f2d40ed7600
0x00007f2d40d2dc60:   00007f2d40ed7581 00007f2d432a3e58
0x00007f2d40d2dc70:   00007f2d3c12e8a0 00000000c03b37b0
0x00007f2d40d2dc80:   00007f2d3c01ac70 00007f2d40ed8d9c
0x00007f2d40d2dc90:   00000000c0040018 0000000000000200
0x00007f2d40d2dca0:   00000000c00c0030 00007f2d40ed7580
0x00007f2d40d2dcb0:   0000000000000240 00007f2d40ed7600
0x00007f2d40d2dcc0:   00007f2d40ed7780 00007f2d40ed7601
0x00007f2d40d2dcd0:   00007f2d40ed7580 00007f2d3c04efe0 

Instructions: (pc=0x00007f2d42cf1467)
0x00007f2d42cf1447:   83 f8 05 75 d3 31 db eb d6 48 8b 05 21 a5 57 00
0x00007f2d42cf1457:   8b 56 08 8b 48 08 48 d3 e2 48 03 10 48 8d 7a 10
0x00007f2d42cf1467:   8b 77 08 83 fe 00 0f 8f db fe ff ff 0f 85 07 03
0x00007f2d42cf1477:   00 00 0f 1f 80 00 00 00 00 48 8b 07 4c 89 e6 4c 

Register to memory mapping:

RAX=0x00007f2d432886a0: <offset 0xe126a0> in /usr/local/java/jdk1.7.0_51/jre/lib/amd64/server/libjvm.so at 0x00007f2d42476000
RBX=0x00000000eee2243c is an unknown value
RCX=0x0000000000000000 is an unknown value
RDX=0x0000000000000001 is an unknown value
RSP=0x00007f2d40d2dae0 is an unknown value
RBP=0x00007f2d40d2db50 is an unknown value
RSI=0x00000000ec59e250 is an unknown value
RDI=0x0000000000000011 is an unknown value
R8 =0x0000000000000001 is an unknown value
R9 =0x00007f2d432a3e58: <offset 0xe2de58> in /usr/local/java/jdk1.7.0_51/jre/lib/amd64/server/libjvm.so at 0x00007f2d42476000
R10=0x00000000eee22398 is an oop
com.android.dx.rop.code.SourcePosition 
 - klass: 'com/android/dx/rop/code/SourcePosition'
R11=0x00007f2d40d2da90 is an unknown value
R12=0x00000000ec59e250 is an unknown value
R13=0x00000000eba61438 is an oop
com.android.dex.Dex 
 - klass: 'com/android/dex/Dex'
R14=0x0000000000000000 is an unknown value
R15=0x00007f2d3c12e910 is an unknown value


Stack: [0x00007f2d40c2e000,0x00007f2d40d2f000],  sp=0x00007f2d40d2dae0,  free space=1022k
Native frames: (J=compiled Java code, j=interpreted, Vv=VM code, C=native code)
V  [libjvm.so+0x87b467]  oopDesc* PSPromotionManager::copy_to_survivor_space<false>(oopDesc*)+0x177
V  [libjvm.so+0x87ac40]  PSPromotionManager::drain_stacks_depth(bool)+0x7c0
V  [libjvm.so+0x3baf06]  CardTableExtension::scavenge_contents_parallel(ObjectStartArray*, MutableSpace*, HeapWord*, PSPromotionManager*, unsigned int, unsigned int)+0xb56
V  [libjvm.so+0x87e4eb]  OldToYoungRootsTask::do_it(GCTaskManager*, unsigned int)+0x4b
V  [libjvm.so+0x550f6f]  GCTaskThread::run()+0x12f
V  [libjvm.so+0x815538]  java_start(Thread*)+0x108


---------------  P R O C E S S  ---------------

Java Threads: ( => current thread )
  0x00007f2d3c15e000 JavaThread "Service Thread" daemon [_thread_blocked, id=4080, stack(0x00007f2d31502000,0x00007f2d31603000)]
  0x00007f2d3c15b800 JavaThread "C2 CompilerThread1" daemon [_thread_blocked, id=4079, stack(0x00007f2d31603000,0x00007f2d31704000)]
  0x00007f2d3c158800 JavaThread "C2 CompilerThread0" daemon [_thread_blocked, id=4078, stack(0x00007f2d31704000,0x00007f2d31805000)]
  0x00007f2d3c14e000 JavaThread "Signal Dispatcher" daemon [_thread_blocked, id=4077, stack(0x00007f2d380f1000,0x00007f2d381f2000)]
  0x00007f2d3c137800 JavaThread "Finalizer" daemon [_thread_blocked, id=4076, stack(0x00007f2d381f2000,0x00007f2d382f3000)]
  0x00007f2d3c133800 JavaThread "Reference Handler" daemon [_thread_blocked, id=4075, stack(0x00007f2d382f3000,0x00007f2d383f4000)]
  0x00007f2d3c00a000 JavaThread "main" [_thread_blocked, id=4069, stack(0x00007f2d43dd3000,0x00007f2d43ed4000)]

Other Threads:
  0x00007f2d3c131000 VMThread [stack: 0x00007f2d383f4000,0x00007f2d384f5000] [id=4074]
  0x00007f2d3c168800 WatcherThread [stack: 0x00007f2d31401000,0x00007f2d31502000] [id=4081]

=>0x00007f2d3c020000 (exited) GCTaskThread [stack: 0x00007f2d40c2e000,0x00007f2d40d2f000] [id=4070]

VM state:at safepoint (normal execution)

VM Mutex/Monitor currently owned by a thread:  ([mutex/lock_event])
[0x00007f2d3c0065a0] Threads_lock - owner thread: 0x00007f2d3c131000
[0x00007f2d3c006aa0] Heap_lock - owner thread: 0x00007f2d3c00a000

Heap
 PSYoungGen      total 36352K, used 36320K [0x00000000eaa80000, 0x00000000ef180000, 0x0000000100000000)
  eden space 31232K, 100% used [0x00000000eaa80000,0x00000000ec900000,0x00000000ec900000)
  from space 5120K, 99% used [0x00000000ec900000,0x00000000ecdf83d8,0x00000000ece00000)
  to   space 5120K, 99% used [0x00000000eec80000,0x00000000ef17f9a8,0x00000000ef180000)
 ParOldGen       total 82944K, used 6864K [0x00000000c0000000, 0x00000000c5100000, 0x00000000eaa80000)
  object space 82944K, 8% used [0x00000000c0000000,0x00000000c06b4060,0x00000000c5100000)
 PSPermGen       total 21504K, used 6447K [0x00000000bae00000, 0x00000000bc300000, 0x00000000c0000000)
  object space 21504K, 29% used [0x00000000bae00000,0x00000000bb44be68,0x00000000bc300000)

Card table byte_map: [0x00007f2d40eae000,0x00007f2d410d8000] byte_map_base: 0x00007f2d408d7000

Polling page: 0x00007f2d43ef9000

Code Cache  [0x00007f2d39000000, 0x00007f2d39270000, 0x00007f2d3c000000)
 total_blobs=696 nmethods=448 adapters=202 free_code_cache=47939Kb largest_free_block=49068992

Compilation events (10 events):
Event: 1.577 Thread 0x00007f2d3c158800 nmethod 445 0x00007f2d39133a50 code [0x00007f2d39133b80, 0x00007f2d39133bd8]
Event: 1.583 Thread 0x00007f2d3c158800  446             com.android.dex.ClassData$Method::getMethodIndex (5 bytes)
Event: 1.583 Thread 0x00007f2d3c158800 nmethod 446 0x00007f2d39133c50 code [0x00007f2d39133d80, 0x00007f2d39133dd8]
Event: 1.583 Thread 0x00007f2d3c158800  447             com.android.dex.ClassData$Method::getAccessFlags (5 bytes)
Event: 1.583 Thread 0x00007f2d3c158800 nmethod 447 0x00007f2d39133e50 code [0x00007f2d39133f80, 0x00007f2d39133fd8]
Event: 1.586 Thread 0x00007f2d3c158800  448             com.android.dx.io.instructions.DecodedInstruction::getTarget (7 bytes)
Event: 1.587 Thread 0x00007f2d3c158800 nmethod 448 0x00007f2d39134050 code [0x00007f2d39134180, 0x00007f2d391341d8]
Event: 1.591 Thread 0x00007f2d3c158800  449             com.android.dx.io.instructions.TwoRegisterDecodedInstruction::getRegisterCount (2 bytes)
Event: 1.591 Thread 0x00007f2d3c158800 nmethod 449 0x00007f2d39134250 code [0x00007f2d39134380, 0x00007f2d391343d8]
Event: 1.593 Thread 0x00007f2d3c158800  450             com.android.dx.io.instructions.InstructionCodec$13::decode (43 bytes)

GC Heap History (3 events):
Event: 1.201 GC heap before
{Heap before GC invocations=1 (full 0):
 PSYoungGen      total 36352K, used 31232K [0x00000000eaa80000, 0x00000000ed300000, 0x0000000100000000)
  eden space 31232K, 100% used [0x00000000eaa80000,0x00000000ec900000,0x00000000ec900000)
  from space 5120K, 0% used [0x00000000ece00000,0x00000000ece00000,0x00000000ed300000)
  to   space 5120K, 0% used [0x00000000ec900000,0x00000000ec900000,0x00000000ece00000)
 ParOldGen       total 82944K, used 0K [0x00000000c0000000, 0x00000000c5100000, 0x00000000eaa80000)
  object space 82944K, 0% used [0x00000000c0000000,0x00000000c0000000,0x00000000c5100000)
 PSPermGen       total 21504K, used 6377K [0x00000000bae00000, 0x00000000bc300000, 0x00000000c0000000)
  object space 21504K, 29% used [0x00000000bae00000,0x00000000bb43a468,0x00000000bc300000)
Event: 1.215 GC heap after
Heap after GC invocations=1 (full 0):
 PSYoungGen      total 36352K, used 5088K [0x00000000eaa80000, 0x00000000ef180000, 0x0000000100000000)
  eden space 31232K, 0% used [0x00000000eaa80000,0x00000000eaa80000,0x00000000ec900000)
  from space 5120K, 99% used [0x00000000ec900000,0x00000000ecdf83d8,0x00000000ece00000)
  to   space 5120K, 0% used [0x00000000eec80000,0x00000000eec80000,0x00000000ef180000)
 ParOldGen       total 82944K, used 3789K [0x00000000c0000000, 0x00000000c5100000, 0x00000000eaa80000)
  object space 82944K, 4% used [0x00000000c0000000,0x00000000c03b37b0,0x00000000c5100000)
 PSPermGen       total 21504K, used 6377K [0x00000000bae00000, 0x00000000bc300000, 0x00000000c0000000)
  object space 21504K, 29% used [0x00000000bae00000,0x00000000bb43a468,0x00000000bc300000)
}
Event: 1.593 GC heap before
{Heap before GC invocations=2 (full 0):
 PSYoungGen      total 36352K, used 36320K [0x00000000eaa80000, 0x00000000ef180000, 0x0000000100000000)
  eden space 31232K, 100% used [0x00000000eaa80000,0x00000000ec900000,0x00000000ec900000)
  from space 5120K, 99% used [0x00000000ec900000,0x00000000ecdf83d8,0x00000000ece00000)
  to   space 5120K, 0% used [0x00000000eec80000,0x00000000eec80000,0x00000000ef180000)
 ParOldGen       total 82944K, used 3789K [0x00000000c0000000, 0x00000000c5100000, 0x00000000eaa80000)
  object space 82944K, 4% used [0x00000000c0000000,0x00000000c03b37b0,0x00000000c5100000)
 PSPermGen       total 21504K, used 6447K [0x00000000bae00000, 0x00000000bc300000, 0x00000000c0000000)
  object space 21504K, 29% used [0x00000000bae00000,0x00000000bb44be68,0x00000000bc300000)

Deoptimization events (10 events):
Event: 1.005 Thread 0x00007f2d3c00a000 Uncommon trap: reason=class_check action=maybe_recompile pc=0x00007f2d390d2ac4 method=com.android.dex.Leb128.writeUnsignedLeb128(Lcom/android/dex/util/ByteOutput;I)V @ 40
Event: 1.005 Thread 0x00007f2d3c00a000 Uncommon trap: reason=class_check action=maybe_recompile pc=0x00007f2d390d2ac4 method=com.android.dex.Leb128.writeUnsignedLeb128(Lcom/android/dex/util/ByteOutput;I)V @ 40
Event: 1.005 Thread 0x00007f2d3c00a000 Uncommon trap: reason=class_check action=maybe_recompile pc=0x00007f2d390d2ac4 method=com.android.dex.Leb128.writeUnsignedLeb128(Lcom/android/dex/util/ByteOutput;I)V @ 40
Event: 1.005 Thread 0x00007f2d3c00a000 Uncommon trap: reason=class_check action=maybe_recompile pc=0x00007f2d390d2ac4 method=com.android.dex.Leb128.writeUnsignedLeb128(Lcom/android/dex/util/ByteOutput;I)V @ 40
Event: 1.075 Thread 0x00007f2d3c00a000 Uncommon trap: reason=predicate action=maybe_recompile pc=0x00007f2d390dc204 method=com.android.dex.Leb128.writeUnsignedLeb128(Lcom/android/dex/util/ByteOutput;I)V @ 9
Event: 1.194 Thread 0x00007f2d3c00a000 Uncommon trap: reason=class_check action=maybe_recompile pc=0x00007f2d390e444c method=com.android.dex.Leb128.readUnsignedLeb128(Lcom/android/dex/util/ByteInput;)I @ 5
Event: 1.194 Thread 0x00007f2d3c00a000 Uncommon trap: reason=class_check action=maybe_recompile pc=0x00007f2d390e444c method=com.android.dex.Leb128.readUnsignedLeb128(Lcom/android/dex/util/ByteInput;)I @ 5
Event: 1.194 Thread 0x00007f2d3c00a000 Uncommon trap: reason=class_check action=maybe_recompile pc=0x00007f2d390e444c method=com.android.dex.Leb128.readUnsignedLeb128(Lcom/android/dex/util/ByteInput;)I @ 5
Event: 1.194 Thread 0x00007f2d3c00a000 Uncommon trap: reason=class_check action=maybe_recompile pc=0x00007f2d390e444c method=com.android.dex.Leb128.readUnsignedLeb128(Lcom/android/dex/util/ByteInput;)I @ 5
Event: 1.300 Thread 0x00007f2d3c00a000 Uncommon trap: reason=predicate action=maybe_recompile pc=0x00007f2d390f0878 method=com.android.dex.Leb128.readUnsignedLeb128(Lcom/android/dex/util/ByteInput;)I @ 41

Internal exceptions (10 events):
Event: 1.096 Thread 0x00007f2d3c00a000 Threw 0x00000000ec65ec50 at /HUDSON/workspace/7u-2-build-linux-amd64@2/jdk7u51/527/hotspot/src/share/vm/prims/jvm.cpp:1244
Event: 1.096 Thread 0x00007f2d3c00a000 Threw 0x00000000ec661ba8 at /HUDSON/workspace/7u-2-build-linux-amd64@2/jdk7u51/527/hotspot/src/share/vm/prims/jvm.cpp:1244
Event: 1.096 Thread 0x00007f2d3c00a000 Threw 0x00000000ec664f30 at /HUDSON/workspace/7u-2-build-linux-amd64@2/jdk7u51/527/hotspot/src/share/vm/prims/jvm.cpp:1244
Event: 1.098 Thread 0x00007f2d3c00a000 Threw 0x00000000ec6ac090 at /HUDSON/workspace/7u-2-build-linux-amd64@2/jdk7u51/527/hotspot/src/share/vm/prims/jvm.cpp:1244
Event: 1.098 Thread 0x00007f2d3c00a000 Threw 0x00000000ec6ae160 at /HUDSON/workspace/7u-2-build-linux-amd64@2/jdk7u51/527/hotspot/src/share/vm/prims/jvm.cpp:1244
Event: 1.153 Thread 0x00007f2d3c00a000 Threw 0x00000000ec775b08 at /HUDSON/workspace/7u-2-build-linux-amd64@2/jdk7u51/527/hotspot/src/share/vm/prims/jvm.cpp:1244
Event: 1.153 Thread 0x00007f2d3c00a000 Threw 0x00000000ec775c30 at /HUDSON/workspace/7u-2-build-linux-amd64@2/jdk7u51/527/hotspot/src/share/vm/prims/jvm.cpp:1244
Event: 1.153 Thread 0x00007f2d3c00a000 Threw 0x00000000ec777ff8 at /HUDSON/workspace/7u-2-build-linux-amd64@2/jdk7u51/527/hotspot/src/share/vm/prims/jvm.cpp:1244
Event: 1.153 Thread 0x00007f2d3c00a000 Threw 0x00000000ec778120 at /HUDSON/workspace/7u-2-build-linux-amd64@2/jdk7u51/527/hotspot/src/share/vm/prims/jvm.cpp:1244
Event: 1.433 Thread 0x00007f2d3c00a000 Threw 0x00000000eb7db048 at /HUDSON/workspace/7u-2-build-linux-amd64@2/jdk7u51/527/hotspot/src/share/vm/prims/jvm.cpp:1244

Events (10 events):
Event: 1.194 Thread 0x00007f2d3c00a000 DEOPT PACKING pc=0x00007f2d390e444c sp=0x00007f2d43ed2190
Event: 1.194 Thread 0x00007f2d3c00a000 DEOPT UNPACKING pc=0x00007f2d39039045 sp=0x00007f2d43ed2150 mode 2
Event: 1.201 Executing VM operation: ParallelGCFailedAllocation
Event: 1.215 Executing VM operation: ParallelGCFailedAllocation done
Event: 1.300 Thread 0x00007f2d3c00a000 Uncommon trap: trap_request=0xffffff86 fr.pc=0x00007f2d390f0878
Event: 1.300 Thread 0x00007f2d3c00a000 DEOPT PACKING pc=0x00007f2d390f0878 sp=0x00007f2d43ed2270
Event: 1.300 Thread 0x00007f2d3c00a000 DEOPT UNPACKING pc=0x00007f2d39039045 sp=0x00007f2d43ed2238 mode 2
Event: 1.432 loading class 0x00007f2d3c3101f0
Event: 1.432 loading class 0x00007f2d3c3101f0 done
Event: 1.593 Executing VM operation: ParallelGCFailedAllocation


Dynamic libraries:
00400000-00401000 r-xp 00000000 08:05 9311929                            /usr/local/java/jdk1.7.0_51/bin/java
00600000-00601000 rw-p 00000000 08:05 9311929                            /usr/local/java/jdk1.7.0_51/bin/java
017cc000-017ed000 rw-p 00000000 00:00 0                                  [heap]
bae00000-bc300000 rw-p 00000000 00:00 0 
bc300000-c0000000 rw-p 00000000 00:00 0 
c0000000-c5100000 rw-p 00000000 00:00 0 
c5100000-eaa80000 rw-p 00000000 00:00 0 
eaa80000-ef180000 rw-p 00000000 00:00 0 
ef180000-100000000 rw-p 00000000 00:00 0 
7f2cfc000000-7f2cfc021000 rw-p 00000000 00:00 0 
7f2cfc021000-7f2d00000000 ---p 00000000 00:00 0 
7f2d00000000-7f2d00021000 rw-p 00000000 00:00 0 
7f2d00021000-7f2d04000000 ---p 00000000 00:00 0 
7f2d04000000-7f2d04021000 rw-p 00000000 00:00 0 
7f2d04021000-7f2d08000000 ---p 00000000 00:00 0 
7f2d08000000-7f2d0879e000 rw-p 00000000 00:00 0 
7f2d0879e000-7f2d0c000000 ---p 00000000 00:00 0 
7f2d0c000000-7f2d0c8ac000 rw-p 00000000 00:00 0 
7f2d0c8ac000-7f2d10000000 ---p 00000000 00:00 0 
7f2d14000000-7f2d14021000 rw-p 00000000 00:00 0 
7f2d14021000-7f2d18000000 ---p 00000000 00:00 0 
7f2d18000000-7f2d18021000 rw-p 00000000 00:00 0 
7f2d18021000-7f2d1c000000 ---p 00000000 00:00 0 
7f2d1c000000-7f2d1c021000 rw-p 00000000 00:00 0 
7f2d1c021000-7f2d20000000 ---p 00000000 00:00 0 
7f2d20000000-7f2d20021000 rw-p 00000000 00:00 0 
7f2d20021000-7f2d24000000 ---p 00000000 00:00 0 
7f2d24000000-7f2d24021000 rw-p 00000000 00:00 0 
7f2d24021000-7f2d28000000 ---p 00000000 00:00 0 
7f2d2c000000-7f2d2c021000 rw-p 00000000 00:00 0 
7f2d2c021000-7f2d30000000 ---p 00000000 00:00 0 
7f2d30e6e000-7f2d30fd9000 rw-p 00000000 00:00 0 
7f2d30fd9000-7f2d30fef000 r-xp 00000000 08:05 9705674                    /usr/local/java/jdk1.7.0_51/jre/lib/amd64/libnet.so
7f2d30fef000-7f2d311ef000 ---p 00016000 08:05 9705674                    /usr/local/java/jdk1.7.0_51/jre/lib/amd64/libnet.so
7f2d311ef000-7f2d311f0000 rw-p 00016000 08:05 9705674                    /usr/local/java/jdk1.7.0_51/jre/lib/amd64/libnet.so
7f2d311f0000-7f2d31200000 r-xp 00000000 08:05 9705669                    /usr/local/java/jdk1.7.0_51/jre/lib/amd64/libnio.so
7f2d31200000-7f2d31400000 ---p 00010000 08:05 9705669                    /usr/local/java/jdk1.7.0_51/jre/lib/amd64/libnio.so
7f2d31400000-7f2d31401000 rw-p 00010000 08:05 9705669                    /usr/local/java/jdk1.7.0_51/jre/lib/amd64/libnio.so
7f2d31401000-7f2d31402000 ---p 00000000 00:00 0 
7f2d31402000-7f2d31502000 rw-p 00000000 00:00 0                          [stack:4081]
7f2d31502000-7f2d31505000 ---p 00000000 00:00 0 
7f2d31505000-7f2d31603000 rw-p 00000000 00:00 0                          [stack:4080]
7f2d31603000-7f2d31606000 ---p 00000000 00:00 0 
7f2d31606000-7f2d31704000 rw-p 00000000 00:00 0                          [stack:4079]
7f2d31704000-7f2d31707000 ---p 00000000 00:00 0 
7f2d31707000-7f2d31805000 rw-p 00000000 00:00 0                          [stack:4078]
7f2d31805000-7f2d31d70000 r--p 00000000 08:05 9306338                    /usr/lib/locale/locale-archive
7f2d31d70000-7f2d34000000 rw-p 00000000 00:00 0 
7f2d34000000-7f2d340e1000 rw-p 00000000 00:00 0 
7f2d340e1000-7f2d38000000 ---p 00000000 00:00 0 
7f2d380f1000-7f2d380f4000 ---p 00000000 00:00 0 
7f2d380f4000-7f2d381f2000 rw-p 00000000 00:00 0                          [stack:4077]
7f2d381f2000-7f2d381f5000 ---p 00000000 00:00 0 
7f2d381f5000-7f2d382f3000 rw-p 00000000 00:00 0                          [stack:4076]
7f2d382f3000-7f2d382f6000 ---p 00000000 00:00 0 
7f2d382f6000-7f2d383f4000 rw-p 00000000 00:00 0                          [stack:4075]
7f2d383f4000-7f2d383f5000 ---p 00000000 00:00 0 
7f2d383f5000-7f2d39000000 rw-p 00000000 00:00 0                          [stack:4074]
7f2d39000000-7f2d39270000 rwxp 00000000 00:00 0 
7f2d39270000-7f2d3c333000 rw-p 00000000 00:00 0 
7f2d3c333000-7f2d40000000 ---p 00000000 00:00 0 
7f2d40025000-7f2d40474000 rw-p 00000000 00:00 0 
7f2d40474000-7f2d40631000 r--s 039bf000 08:05 9316483                    /usr/local/java/jdk1.7.0_51/jre/lib/rt.jar
7f2d40631000-7f2d4092b000 rw-p 00000000 00:00 0 
7f2d4092b000-7f2d4092c000 ---p 00000000 00:00 0 
7f2d4092c000-7f2d40a2c000 rw-p 00000000 00:00 0                          [stack:4073]
7f2d40a2c000-7f2d40a2d000 ---p 00000000 00:00 0 
7f2d40a2d000-7f2d40b2d000 rw-p 00000000 00:00 0                          [stack:4072]
7f2d40b2d000-7f2d40b2e000 ---p 00000000 00:00 0 
7f2d40b2e000-7f2d40c2e000 rw-p 00000000 00:00 0                          [stack:4071]
7f2d40c2e000-7f2d40c2f000 ---p 00000000 00:00 0 
7f2d40c2f000-7f2d40d3a000 rw-p 00000000 00:00 0                          [stack:4070]
7f2d40d3a000-7f2d40d58000 rw-p 00000000 00:00 0 
7f2d40d58000-7f2d40d81000 rw-p 00000000 00:00 0 
7f2d40d81000-7f2d40eae000 rw-p 00000000 00:00 0 
7f2d40eae000-7f2d40eb9000 rw-p 00000000 00:00 0 
7f2d40eb9000-7f2d40ed7000 rw-p 00000000 00:00 0 
7f2d40ed7000-7f2d40f00000 rw-p 00000000 00:00 0 
7f2d40f00000-7f2d4102c000 rw-p 00000000 00:00 0 
7f2d4102c000-7f2d41050000 rw-p 00000000 00:00 0 
7f2d41050000-7f2d410d7000 rw-p 00000000 00:00 0 
7f2d410d7000-7f2d410d8000 rw-p 00000000 00:00 0 
7f2d410d8000-7f2d410f2000 r-xp 00000000 08:05 9705719                    /usr/local/java/jdk1.7.0_51/jre/lib/amd64/libzip.so
7f2d410f2000-7f2d412f2000 ---p 0001a000 08:05 9705719                    /usr/local/java/jdk1.7.0_51/jre/lib/amd64/libzip.so
7f2d412f2000-7f2d412f3000 rw-p 0001a000 08:05 9705719                    /usr/local/java/jdk1.7.0_51/jre/lib/amd64/libzip.so
7f2d412f3000-7f2d412fe000 r-xp 00000000 08:05 131303                     /lib/x86_64-linux-gnu/libnss_files-2.19.so
7f2d412fe000-7f2d414fd000 ---p 0000b000 08:05 131303                     /lib/x86_64-linux-gnu/libnss_files-2.19.so
7f2d414fd000-7f2d414fe000 r--p 0000a000 08:05 131303                     /lib/x86_64-linux-gnu/libnss_files-2.19.so
7f2d414fe000-7f2d414ff000 rw-p 0000b000 08:05 131303                     /lib/x86_64-linux-gnu/libnss_files-2.19.so
7f2d414ff000-7f2d4150a000 r-xp 00000000 08:05 131285                     /lib/x86_64-linux-gnu/libnss_nis-2.19.so
7f2d4150a000-7f2d41709000 ---p 0000b000 08:05 131285                     /lib/x86_64-linux-gnu/libnss_nis-2.19.so
7f2d41709000-7f2d4170a000 r--p 0000a000 08:05 131285                     /lib/x86_64-linux-gnu/libnss_nis-2.19.so
7f2d4170a000-7f2d4170b000 rw-p 0000b000 08:05 131285                     /lib/x86_64-linux-gnu/libnss_nis-2.19.so
7f2d4170b000-7f2d41722000 r-xp 00000000 08:05 131173                     /lib/x86_64-linux-gnu/libnsl-2.19.so
7f2d41722000-7f2d41921000 ---p 00017000 08:05 131173                     /lib/x86_64-linux-gnu/libnsl-2.19.so
7f2d41921000-7f2d41922000 r--p 00016000 08:05 131173                     /lib/x86_64-linux-gnu/libnsl-2.19.so
7f2d41922000-7f2d41923000 rw-p 00017000 08:05 131173                     /lib/x86_64-linux-gnu/libnsl-2.19.so
7f2d41923000-7f2d41925000 rw-p 00000000 00:00 0 
7f2d41925000-7f2d4192e000 r-xp 00000000 08:05 131279                     /lib/x86_64-linux-gnu/libnss_compat-2.19.so
7f2d4192e000-7f2d41b2d000 ---p 00009000 08:05 131279                     /lib/x86_64-linux-gnu/libnss_compat-2.19.so
7f2d41b2d000-7f2d41b2e000 r--p 00008000 08:05 131279                     /lib/x86_64-linux-gnu/libnss_compat-2.19.so
7f2d41b2e000-7f2d41b2f000 rw-p 00009000 08:05 131279                     /lib/x86_64-linux-gnu/libnss_compat-2.19.so
7f2d41b2f000-7f2d41b58000 r-xp 00000000 08:05 9705703                    /usr/local/java/jdk1.7.0_51/jre/lib/amd64/libjava.so
7f2d41b58000-7f2d41d58000 ---p 00029000 08:05 9705703                    /usr/local/java/jdk1.7.0_51/jre/lib/amd64/libjava.so
7f2d41d58000-7f2d41d5a000 rw-p 00029000 08:05 9705703                    /usr/local/java/jdk1.7.0_51/jre/lib/amd64/libjava.so
7f2d41d5a000-7f2d41d67000 r-xp 00000000 08:05 9705701                    /usr/local/java/jdk1.7.0_51/jre/lib/amd64/libverify.so
7f2d41d67000-7f2d41f66000 ---p 0000d000 08:05 9705701                    /usr/local/java/jdk1.7.0_51/jre/lib/amd64/libverify.so
7f2d41f66000-7f2d41f68000 rw-p 0000c000 08:05 9705701                    /usr/local/java/jdk1.7.0_51/jre/lib/amd64/libverify.so
7f2d41f68000-7f2d41f6f000 r-xp 00000000 08:05 131284                     /lib/x86_64-linux-gnu/librt-2.19.so
7f2d41f6f000-7f2d4216e000 ---p 00007000 08:05 131284                     /lib/x86_64-linux-gnu/librt-2.19.so
7f2d4216e000-7f2d4216f000 r--p 00006000 08:05 131284                     /lib/x86_64-linux-gnu/librt-2.19.so
7f2d4216f000-7f2d42170000 rw-p 00007000 08:05 131284                     /lib/x86_64-linux-gnu/librt-2.19.so
7f2d42170000-7f2d42275000 r-xp 00000000 08:05 131286                     /lib/x86_64-linux-gnu/libm-2.19.so
7f2d42275000-7f2d42474000 ---p 00105000 08:05 131286                     /lib/x86_64-linux-gnu/libm-2.19.so
7f2d42474000-7f2d42475000 r--p 00104000 08:05 131286                     /lib/x86_64-linux-gnu/libm-2.19.so
7f2d42475000-7f2d42476000 rw-p 00105000 08:05 131286                     /lib/x86_64-linux-gnu/libm-2.19.so
7f2d42476000-7f2d42fd8000 r-xp 00000000 08:05 9705709                    /usr/local/java/jdk1.7.0_51/jre/lib/amd64/server/libjvm.so
7f2d42fd8000-7f2d431d8000 ---p 00b62000 08:05 9705709                    /usr/local/java/jdk1.7.0_51/jre/lib/amd64/server/libjvm.so
7f2d431d8000-7f2d4329b000 rw-p 00b62000 08:05 9705709                    /usr/local/java/jdk1.7.0_51/jre/lib/amd64/server/libjvm.so
7f2d4329b000-7f2d432dc000 rw-p 00000000 00:00 0 
7f2d432dc000-7f2d43496000 r-xp 00000000 08:05 131144                     /lib/x86_64-linux-gnu/libc-2.19.so
7f2d43496000-7f2d43696000 ---p 001ba000 08:05 131144                     /lib/x86_64-linux-gnu/libc-2.19.so
7f2d43696000-7f2d4369a000 r--p 001ba000 08:05 131144                     /lib/x86_64-linux-gnu/libc-2.19.so
7f2d4369a000-7f2d4369c000 rw-p 001be000 08:05 131144                     /lib/x86_64-linux-gnu/libc-2.19.so
7f2d4369c000-7f2d436a1000 rw-p 00000000 00:00 0 
7f2d436a1000-7f2d436a4000 r-xp 00000000 08:05 131311                     /lib/x86_64-linux-gnu/libdl-2.19.so
7f2d436a4000-7f2d438a3000 ---p 00003000 08:05 131311                     /lib/x86_64-linux-gnu/libdl-2.19.so
7f2d438a3000-7f2d438a4000 r--p 00002000 08:05 131311                     /lib/x86_64-linux-gnu/libdl-2.19.so
7f2d438a4000-7f2d438a5000 rw-p 00003000 08:05 131311                     /lib/x86_64-linux-gnu/libdl-2.19.so
7f2d438a5000-7f2d438bb000 r-xp 00000000 08:05 9311994                    /usr/local/java/jdk1.7.0_51/lib/amd64/jli/libjli.so
7f2d438bb000-7f2d43abb000 ---p 00016000 08:05 9311994                    /usr/local/java/jdk1.7.0_51/lib/amd64/jli/libjli.so
7f2d43abb000-7f2d43abc000 rw-p 00016000 08:05 9311994                    /usr/local/java/jdk1.7.0_51/lib/amd64/jli/libjli.so
7f2d43abc000-7f2d43ad4000 r-xp 00000000 08:05 131281                     /lib/x86_64-linux-gnu/libpthread-2.19.so
7f2d43ad4000-7f2d43cd4000 ---p 00018000 08:05 131281                     /lib/x86_64-linux-gnu/libpthread-2.19.so
7f2d43cd4000-7f2d43cd5000 r--p 00018000 08:05 131281                     /lib/x86_64-linux-gnu/libpthread-2.19.so
7f2d43cd5000-7f2d43cd6000 rw-p 00019000 08:05 131281                     /lib/x86_64-linux-gnu/libpthread-2.19.so
7f2d43cd6000-7f2d43cda000 rw-p 00000000 00:00 0 
7f2d43cda000-7f2d43cfd000 r-xp 00000000 08:05 131289                     /lib/x86_64-linux-gnu/ld-2.19.so
7f2d43d00000-7f2d43d04000 r--s 0008a000 08:05 9316469                    /usr/local/java/jdk1.7.0_51/jre/lib/jsse.jar
7f2d43d04000-7f2d43d13000 r--s 000dd000 08:05 8390453                    /home/rajaraman/Android/Sdk/build-tools/21.1.2/lib/dx.jar
7f2d43d13000-7f2d43d1d000 rw-p 00000000 00:00 0 
7f2d43d1d000-7f2d43dd3000 rw-p 00000000 00:00 0 
7f2d43dd3000-7f2d43dd6000 ---p 00000000 00:00 0 
7f2d43dd6000-7f2d43ed8000 rw-p 00000000 00:00 0                          [stack:4069]
7f2d43ed9000-7f2d43ef0000 rw-p 00000000 00:00 0 
7f2d43ef0000-7f2d43ef8000 rw-s 00000000 08:05 1445510                    /tmp/hsperfdata_rajaraman/4057
7f2d43ef8000-7f2d43ef9000 rw-p 00000000 00:00 0 
7f2d43ef9000-7f2d43efa000 ---p 00000000 00:00 0 
7f2d43efa000-7f2d43efc000 rw-p 00000000 00:00 0 
7f2d43efc000-7f2d43efd000 r--p 00022000 08:05 131289                     /lib/x86_64-linux-gnu/ld-2.19.so
7f2d43efd000-7f2d43efe000 rw-p 00023000 08:05 131289                     /lib/x86_64-linux-gnu/ld-2.19.so
7f2d43efe000-7f2d43eff000 rw-p 00000000 00:00 0 
7fff2fe56000-7fff2fe77000 rw-p 00000000 00:00 0                          [stack]
7fff2fffc000-7fff2fffe000 r-xp 00000000 00:00 0                          [vdso]
7fff2fffe000-7fff30000000 r--p 00000000 00:00 0                          [vvar]
ffffffffff600000-ffffffffff601000 r-xp 00000000 00:00 0                  [vsyscall]

VM Arguments:
jvm_args: -Xmx1024M 
java_command: /home/rajaraman/Android/Sdk/build-tools/21.1.2/lib/dx.jar --dex --no-optimize --output /home/rajaraman/Documents/Projects/PlayerProfile/PlayerProfileMobileApp/Android/app/build/intermediates/dex/debug --input-list=/home/rajaraman/Documents/Projects/PlayerProfile/PlayerProfileMobileApp/Android/app/build/intermediates/tmp/dex/debug/inputList.txt
Launcher Type: SUN_STANDARD

Environment Variables:
JAVA_HOME=/usr/local/java/jdk1.7.0_51
CLASSPATH=/home/rajaraman/Documents/R_D/Technology/Android/Tools/android-studio/bin/../lib/bootstrap.jar:/home/rajaraman/Documents/R_D/Technology/Android/Tools/android-studio/bin/../lib/extensions.jar:/home/rajaraman/Documents/R_D/Technology/Android/Tools/android-studio/bin/../lib/util.jar:/home/rajaraman/Documents/R_D/Technology/Android/Tools/android-studio/bin/../lib/jdom.jar:/home/rajaraman/Documents/R_D/Technology/Android/Tools/android-studio/bin/../lib/log4j.jar:/home/rajaraman/Documents/R_D/Technology/Android/Tools/android-studio/bin/../lib/trove4j.jar:/home/rajaraman/Documents/R_D/Technology/Android/Tools/android-studio/bin/../lib/jna.jar:/usr/local/java/jdk1.7.0_51/lib/tools.jar
PATH=/usr/local/apache-maven/bin:/usr/local/sbin:/usr/local/bin:/usr/sbin:/usr/bin:/sbin:/bin:/usr/games:/usr/local/games:/home/rajaraman/bin:/usr/local/java/jdk1.7.0_51/bin
LD_LIBRARY_PATH=/home/rajaraman/Documents/R_D/Technology/Android/Tools/android-studio/bin:
SHELL=/bin/bash
DISPLAY=:0

Signal Handlers:
SIGSEGV: [libjvm.so+0x993870], sa_mask[0]=0x7ffbfeff, sa_flags=0x10000004
SIGBUS: [libjvm.so+0x993870], sa_mask[0]=0x7ffbfeff, sa_flags=0x10000004
SIGFPE: [libjvm.so+0x8105b0], sa_mask[0]=0x7ffbfeff, sa_flags=0x10000004
SIGPIPE: [libjvm.so+0x8105b0], sa_mask[0]=0x7ffbfeff, sa_flags=0x10000004
SIGXFSZ: [libjvm.so+0x8105b0], sa_mask[0]=0x7ffbfeff, sa_flags=0x10000004
SIGILL: [libjvm.so+0x8105b0], sa_mask[0]=0x7ffbfeff, sa_flags=0x10000004
SIGUSR1: SIG_DFL, sa_mask[0]=0x00000000, sa_flags=0x00000000
SIGUSR2: [libjvm.so+0x811aa0], sa_mask[0]=0x00000004, sa_flags=0x10000004
SIGHUP: [libjvm.so+0x812a10], sa_mask[0]=0x7ffbfeff, sa_flags=0x10000004
SIGINT: [libjvm.so+0x812a10], sa_mask[0]=0x7ffbfeff, sa_flags=0x10000004
SIGTERM: [libjvm.so+0x812a10], sa_mask[0]=0x7ffbfeff, sa_flags=0x10000004
SIGQUIT: [libjvm.so+0x812a10], sa_mask[0]=0x7ffbfeff, sa_flags=0x10000004


---------------  S Y S T E M  ---------------

OS:jessie/sid

uname:Linux 3.16.0-28-generic #38-Ubuntu SMP Fri Dec 12 17:37:40 UTC 2014 x86_64
libc:glibc 2.19 NPTL 2.19 
rlimit: STACK 8192k, CORE 0k, NPROC 30997, NOFILE 4096, AS infinity
load average:0.79 0.67 0.54

/proc/meminfo:
MemTotal:        7967848 kB
MemFree:          513848 kB
MemAvailable:    2288888 kB
Buffers:          220392 kB
Cached:          2043844 kB
SwapCached:         5452 kB
Active:          4307300 kB
Inactive:        2281268 kB
Active(anon):    3389512 kB
Inactive(anon):  1425320 kB
Active(file):     917788 kB
Inactive(file):   855948 kB
Unevictable:        3848 kB
Mlocked:            3848 kB
SwapTotal:       1997820 kB
SwapFree:        1956672 kB
Dirty:              1348 kB
Writeback:             0 kB
AnonPages:       4328552 kB
Mapped:           842012 kB
Shmem:            488040 kB
Slab:             312956 kB
SReclaimable:     254708 kB
SUnreclaim:        58248 kB
KernelStack:       20512 kB
PageTables:        77492 kB
NFS_Unstable:          0 kB
Bounce:                0 kB
WritebackTmp:          0 kB
CommitLimit:     5981744 kB
Committed_AS:   13325852 kB
VmallocTotal:   34359738367 kB
VmallocUsed:      359620 kB
VmallocChunk:   34359372344 kB
HardwareCorrupted:     0 kB
AnonHugePages:   2316288 kB
HugePages_Total:       0
HugePages_Free:        0
HugePages_Rsvd:        0
HugePages_Surp:        0
Hugepagesize:       2048 kB
DirectMap4k:      138972 kB
DirectMap2M:     8042496 kB


CPU:total 4 (2 cores per cpu, 2 threads per core) family 6 model 37 stepping 2, cmov, cx8, fxsr, mmx, sse, sse2, sse3, ssse3, sse4.1, sse4.2, popcnt, aes, ht, tsc, tscinvbit

/proc/cpuinfo:
processor	: 0
vendor_id	: GenuineIntel
cpu family	: 6
model		: 37
model name	: Intel(R) Core(TM) i5 CPU         650  @ 3.20GHz
stepping	: 2
microcode	: 0x9
cpu MHz		: 3193.000
cache size	: 4096 KB
physical id	: 0
siblings	: 4
core id		: 0
cpu cores	: 2
apicid		: 0
initial apicid	: 0
fpu		: yes
fpu_exception	: yes
cpuid level	: 11
wp		: yes
flags		: fpu vme de pse tsc msr pae mce cx8 apic sep mtrr pge mca cmov pat pse36 clflush dts acpi mmx fxsr sse sse2 ss ht tm pbe syscall nx rdtscp lm constant_tsc arch_perfmon pebs bts rep_good nopl xtopology nonstop_tsc aperfmperf pni pclmulqdq dtes64 monitor ds_cpl vmx smx est tm2 ssse3 cx16 xtpr pdcm sse4_1 sse4_2 popcnt aes lahf_lm ida arat dtherm tpr_shadow vnmi flexpriority ept vpid
bogomips	: 6383.88
clflush size	: 64
cache_alignment	: 64
address sizes	: 36 bits physical, 48 bits virtual
power management:

processor	: 1
vendor_id	: GenuineIntel
cpu family	: 6
model		: 37
model name	: Intel(R) Core(TM) i5 CPU         650  @ 3.20GHz
stepping	: 2
microcode	: 0x9
cpu MHz		: 3193.000
cache size	: 4096 KB
physical id	: 0
siblings	: 4
core id		: 0
cpu cores	: 2
apicid		: 1
initial apicid	: 1
fpu		: yes
fpu_exception	: yes
cpuid level	: 11
wp		: yes
flags		: fpu vme de pse tsc msr pae mce cx8 apic sep mtrr pge mca cmov pat pse36 clflush dts acpi mmx fxsr sse sse2 ss ht tm pbe syscall nx rdtscp lm constant_tsc arch_perfmon pebs bts rep_good nopl xtopology nonstop_tsc aperfmperf pni pclmulqdq dtes64 monitor ds_cpl vmx smx est tm2 ssse3 cx16 xtpr pdcm sse4_1 sse4_2 popcnt aes lahf_lm ida arat dtherm tpr_shadow vnmi flexpriority ept vpid
bogomips	: 6383.88
clflush size	: 64
cache_alignment	: 64
address sizes	: 36 bits physical, 48 bits virtual
power management:

processor	: 2
vendor_id	: GenuineIntel
cpu family	: 6
model		: 37
model name	: Intel(R) Core(TM) i5 CPU         650  @ 3.20GHz
stepping	: 2
microcode	: 0x9
cpu MHz		: 3193.000
cache size	: 4096 KB
physical id	: 0
siblings	: 4
core id		: 2
cpu cores	: 2
apicid		: 4
initial apicid	: 4
fpu		: yes
fpu_exception	: yes
cpuid level	: 11
wp		: yes
flags		: fpu vme de pse tsc msr pae mce cx8 apic sep mtrr pge mca cmov pat pse36 clflush dts acpi mmx fxsr sse sse2 ss ht tm pbe syscall nx rdtscp lm constant_tsc arch_perfmon pebs bts rep_good nopl xtopology nonstop_tsc aperfmperf pni pclmulqdq dtes64 monitor ds_cpl vmx smx est tm2 ssse3 cx16 xtpr pdcm sse4_1 sse4_2 popcnt aes lahf_lm ida arat dtherm tpr_shadow vnmi flexpriority ept vpid
bogomips	: 6383.88
clflush size	: 64
cache_alignment	: 64
address sizes	: 36 bits physical, 48 bits virtual
power management:

processor	: 3
vendor_id	: GenuineIntel
cpu family	: 6
model		: 37
model name	: Intel(R) Core(TM) i5 CPU         650  @ 3.20GHz
stepping	: 2
microcode	: 0x9
cpu MHz		: 3193.000
cache size	: 4096 KB
physical id	: 0
siblings	: 4
core id		: 2
cpu cores	: 2
apicid		: 5
initial apicid	: 5
fpu		: yes
fpu_exception	: yes
cpuid level	: 11
wp		: yes
flags		: fpu vme de pse tsc msr pae mce cx8 apic sep mtrr pge mca cmov pat pse36 clflush dts acpi mmx fxsr sse sse2 ss ht tm pbe syscall nx rdtscp lm constant_tsc arch_perfmon pebs bts rep_good nopl xtopology nonstop_tsc aperfmperf pni pclmulqdq dtes64 monitor ds_cpl vmx smx est tm2 ssse3 cx16 xtpr pdcm sse4_1 sse4_2 popcnt aes lahf_lm ida arat dtherm tpr_shadow vnmi flexpriority ept vpid
bogomips	: 6383.88
clflush size	: 64
cache_alignment	: 64
address sizes	: 36 bits physical, 48 bits virtual
power management:



Memory: 4k page, physical 7967848k(513848k free), swap 1997820k(1956672k free)

vm_info: Java HotSpot(TM) 64-Bit Server VM (24.51-b03) for linux-amd64 JRE (1.7.0_51-b13), built on Dec 18 2013 18:48:01 by "java_re" with gcc 4.3.0 20080428 (Red Hat 4.3.0-8)

time: Tue Jan  6 17:22:04 2015
elapsed time: 1 seconds

