0 info it worked if it ends with ok
1 verbose cli [ '/usr/bin/node', '/usr/bin/npm', 'cache', 'clear' ]
2 info using npm@1.4.28
3 info using node@v0.10.33
4 verbose node symlink /usr/bin/node
5 error Error: EACCES, unlink '/home/rajaraman/.npm/accepts/1.1.3'
5 error  { [Error: EACCES, unlink '/home/rajaraman/.npm/accepts/1.1.3']
5 error   errno: 3,
5 error   code: 'EACCES',
5 error   path: '/home/rajaraman/.npm/accepts/1.1.3' }
6 error Please try running this command again as root/Administrator.
7 error System Linux 3.13.0-24-generic
8 error command "/usr/bin/node" "/usr/bin/npm" "cache" "clear"
9 error cwd /home/rajaraman/Documents/Projects/PlayerProfile/PlayerProfileService/src/PlayerProfileWebScraper
10 error node -v v0.10.33
11 error npm -v 1.4.28
12 error path /home/rajaraman/.npm/accepts/1.1.3
13 error code EACCES
14 error errno 3
15 error stack Error: EACCES, unlink '/home/rajaraman/.npm/accepts/1.1.3'
16 verbose exit [ 3, true ]
